<?xml version="1.0" encoding="UTF-8"?>
<!-- Generated by org.testng.reporters.JUnitReportReporter -->
<testsuite skipped="0" hostname="DESKTOP-ONBI019" name="qualityassurance.Mavenjava.AppiumTest" tests="2" failures="0" timestamp="2020-10-10T23:15:21 PKT" time="0.003" errors="0">
  <testcase name="iosApps" time="0.001" classname="qualityassurance.Mavenjava.AppiumTest"/>
  <system-out/>
  <testcase name="nativeAppsAndroid" time="0.002" classname="qualityassurance.Mavenjava.AppiumTest"/>
  <system-out/>
</testsuite> <!-- qualityassurance.Mavenjava.AppiumTest -->
