<?xml version="1.0" encoding="UTF-8"?>
<!-- Generated by org.testng.reporters.JUnitReportReporter -->
<testsuite skipped="0" hostname="DESKTOP-ONBI019" name="qualityassurance.Mavenjava.APITest" tests="2" failures="0" timestamp="2020-10-10T23:29:51 PKT" time="0.001" errors="0">
  <testcase name="deleteTwitter" time="0.001" classname="qualityassurance.Mavenjava.APITest"/>
  <system-out/>
  <testcase name="postJira" time="0.000" classname="qualityassurance.Mavenjava.APITest"/>
  <system-out/>
</testsuite> <!-- qualityassurance.Mavenjava.APITest -->
