<?xml version="1.0" encoding="UTF-8"?>
<!-- Generated by org.testng.reporters.JUnitReportReporter -->
<testsuite skipped="0" hostname="DESKTOP-ONBI019" name="qualityassurance.Mavenjava.SeleniumTest" tests="2" failures="0" timestamp="2020-10-10T23:29:51 PKT" time="0.010" errors="0">
  <testcase name="browerAutomation" time="0.010" classname="qualityassurance.Mavenjava.SeleniumTest"/>
  <system-out/>
  <testcase name="elementsUI" time="0.000" classname="qualityassurance.Mavenjava.SeleniumTest"/>
  <system-out/>
</testsuite> <!-- qualityassurance.Mavenjava.SeleniumTest -->
